[2021-04-11 18:22:30] local.ERROR: syntax error, unexpected end of file, expecting elseif (T_ELSEIF) or else (T_ELSE) or endif (T_ENDIF) (View: C:\Users\LENOVO\Documents\TUGAS\tugaspbkk1\resources\views\dashboard.blade.php) {"view":{"view":"C:\\Users\\LENOVO\\Documents\\TUGAS\\tugaspbkk1\esources\\views/dashboard.blade.php","data":{"errors":"<pre class=sf-dump id=sf-dump-1484211949 data-indent-pad=\"  \"><span class=sf-dump-note>Illuminate\\Support\\ViewErrorBag</span> {<a class=sf-dump-ref>#432</a><samp data-depth=1 class=sf-dump-expanded>
  #<span class=sf-dump-protected title=\"Protected property\">bags</span>: []
</samp>}
</pre><script>Sfdump(\"sf-dump-1484211949\", {\"maxDepth\":3,\"maxStringLength\":160})</script>
","tasks":"<pre class=sf-dump id=sf-dump-376081751 data-indent-pad=\"  \"><span class=sf-dump-note>Illuminate\\Database\\Eloquent\\Relations\\HasMany</span> {<a class=sf-dump-ref>#1365</a><samp data-depth=1 class=sf-dump-expanded>
  #<span class=sf-dump-protected title=\"Protected property\">foreignKey</span>: \"<span class=sf-dump-str title=\"13 characters\">tasks.user_id</span>\"
  #<span class=sf-dump-protected title=\"Protected property\">localKey</span>: \"<span class=sf-dump-str title=\"2 characters\">id</span>\"
  #<span class=sf-dump-protected title=\"Protected property\">query</span>: <span class=sf-dump-note title=\"Illuminate\\Database\\Eloquent\\Builder
\"><span class=\"sf-dump-ellipsis sf-dump-ellipsis-note\">Illuminate\\Database\\Eloquent</span><span class=\"sf-dump-ellipsis sf-dump-ellipsis-note\">\\</span>Builder</span> {<a class=sf-dump-ref>#1364</a><samp data-depth=2 class=sf-dump-compact>
    #<span class=sf-dump-protected title=\"Protected property\">query</span>: <span class=sf-dump-note title=\"Illuminate\\Database\\Query\\Builder
\"><span class=\"sf-dump-ellipsis sf-dump-ellipsis-note\">Illuminate\\Database\\Query</span><span class=\"sf-dump-ellipsis sf-dump-ellipsis-note\">\\</span>Builder</span> {<a class=sf-dump-ref>#1362</a><samp data-depth=3 class=sf-dump-compact>
      +<span class=sf-dump-public title=\"Public property\">connection</span>: <span class=sf-dump-note title=\"Illuminate\\Database\\MySqlConnection
\"><span class=\"sf-dump-ellipsis sf-dump-ellipsis-note\">Illuminate\\Database</span><span class=\"sf-dump-ellipsis sf-dump-ellipsis-note\">\\</span>MySqlConnection</span> {<a class=sf-dump-ref>#426</a> &hellip;18}
      +<span class=sf-dump-public title=\"Public property\">grammar</span>: <span class=sf-dump-note title=\"Illuminate\\Database\\Query\\Grammars\\MySqlGrammar
\"><span class=\"sf-dump-ellipsis sf-dump-ellipsis-note\">Illuminate\\Database\\Query\\Grammars</span><span class=\"sf-dump-ellipsis sf-dump-ellipsis-note\">\\</span>MySqlGrammar</span> {<a class=sf-dump-ref href=#sf-dump-376081751-ref2427 title=\"2 occurrences\">#427</a> &hellip;3}
      +<span class=sf-dump-public title=\"Public property\">processor</span>: <span class=sf-dump-note title=\"Illuminate\\Database\\Query\\Processors\\MySqlProcessor
\"><span class=\"sf-dump-ellipsis sf-dump-ellipsis-note\">Illuminate\\Database\\Query\\Processors</span><span class=\"sf-dump-ellipsis sf-dump-ellipsis-note\">\\</span>MySqlProcessor</span> {<a class=sf-dump-ref href=#sf-dump-376081751-ref2428 title=\"2 occurrences\">#428</a>}
      +<span class=sf-dump-public title=\"Public property\">bindings</span>: <span class=sf-dump-note>array:9</span> [ &hellip;9]
      +<span class=sf-dump-public title=\"Public property\">aggregate</span>: <span class=sf-dump-const>null</span>
      +<span class=sf-dump-public title=\"Public property\">columns</span>: <span class=sf-dump-const>null</span>
      +<span class=sf-dump-public title=\"Public property\">distinct</span>: <span class=sf-dump-const>false</span>
      +<span class=sf-dump-public title=\"Public property\">from</span>: \"<span class=sf-dump-str title=\"5 characters\">tasks</span>\"
      +<span class=sf-dump-public title=\"Public property\">joins</span>: <span class=sf-dump-const>null</span>
      +<span class=sf-dump-public title=\"Public property\">wheres</span>: <span class=sf-dump-note>array:2</span> [ &hellip;2]
      +<span class=sf-dump-public title=\"Public property\">groups</span>: <span class=sf-dump-const>null</span>
      +<span class=sf-dump-public title=\"Public property\">havings</span>: <span class=sf-dump-const>null</span>
      +<span class=sf-dump-public title=\"Public property\">orders</span>: <span class=sf-dump-const>null</span>
      +<span class=sf-dump-public title=\"Public property\">limit</span>: <span class=sf-dump-const>null</span>
      +<span class=sf-dump-public title=\"Public property\">offset</span>: <span class=sf-dump-const>null</span>
      +<span class=sf-dump-public title=\"Public property\">unions</span>: <span class=sf-dump-const>null</span>
      +<span class=sf-dump-public title=\"Public property\">unionLimit</span>: <span class=sf-dump-const>null</span>
      +<span class=sf-dump-public title=\"Public property\">unionOffset</span>: <span class=sf-dump-const>null</span>
      +<span class=sf-dump-public title=\"Public property\">unionOrders</span>: <span class=sf-dump-const>null</span>
      +<span class=sf-dump-public title=\"Public property\">lock</span>: <span class=sf-dump-const>null</span>
      +<span class=sf-dump-public title=\"Public property\">operators</span>: <span class=sf-dump-note>array:30</span> [ &hellip;30]
      +<span class=sf-dump-public title=\"Public property\">useWritePdo</span>: <span class=sf-dump-const>false</span>
    </samp>}
    #<span class=sf-dump-protected title=\"Protected property\">model</span>: <span class=sf-dump-note title=\"App\\Models\\Task
\"><span class=\"sf-dump-ellipsis sf-dump-ellipsis-note\">App\\Models</span><span class=\"sf-dump-ellipsis sf-dump-ellipsis-note\">\\</span>Task</span> {<a class=sf-dump-ref href=#sf-dump-376081751-ref2417 title=\"2 occurrences\">#417</a><samp data-depth=3 id=sf-dump-376081751-ref2417 class=sf-dump-compact>
      #<span class=sf-dump-protected title=\"Protected property\">connection</span>: \"<span class=sf-dump-str title=\"5 characters\">mysql</span>\"
      #<span class=sf-dump-protected title=\"Protected property\">table</span>: <span class=sf-dump-const>null</span>
      #<span class=sf-dump-protected title=\"Protected property\">primaryKey</span>: \"<span class=sf-dump-str title=\"2 characters\">id</span>\"
      #<span class=sf-dump-protected title=\"Protected property\">keyType</span>: \"<span class=sf-dump-str title=\"3 characters\">int</span>\"
      +<span class=sf-dump-public title=\"Public property\">incrementing</span>: <span class=sf-dump-const>true</span>
      #<span class=sf-dump-protected title=\"Protected property\">with</span>: []
      #<span class=sf-dump-protected title=\"Protected property\">withCount</span>: []
      #<span class=sf-dump-protected title=\"Protected property\">perPage</span>: <span class=sf-dump-num>15</span>
      +<span class=sf-dump-public title=\"Public property\">exists</span>: <span class=sf-dump-const>false</span>
      +<span class=sf-dump-public title=\"Public property\">wasRecentlyCreated</span>: <span class=sf-dump-const>false</span>
      #<span class=sf-dump-protected title=\"Protected property\">attributes</span>: []
      #<span class=sf-dump-protected title=\"Protected property\">original</span>: []
      #<span class=sf-dump-protected title=\"Protected property\">changes</span>: []
      #<span class=sf-dump-protected title=\"Protected property\">casts</span>: []
      #<span class=sf-dump-protected title=\"Protected property\">classCastCache</span>: []
      #<span class=sf-dump-protected title=\"Protected property\">dates</span>: []
      #<span class=sf-dump-protected title=\"Protected property\">dateFormat</span>: <span class=sf-dump-const>null</span>
      #<span class=sf-dump-protected title=\"Protected property\">appends</span>: []
      #<span class=sf-dump-protected title=\"Protected property\">dispatchesEvents</span>: []
      #<span class=sf-dump-protected title=\"Protected property\">observables</span>: []
      #<span class=sf-dump-protected title=\"Protected property\">relations</span>: []
      #<span class=sf-dump-protected title=\"Protected property\">touches</span>: []
      +<span class=sf-dump-public title=\"Public property\">timestamps</span>: <span class=sf-dump-const>true</span>
      #<span class=sf-dump-protected title=\"Protected property\">hidden</span>: []
      #<span class=sf-dump-protected title=\"Protected property\">visible</span>: []
      #<span class=sf-dump-protected title=\"Protected property\">fillable</span>: []
      #<span class=sf-dump-protected title=\"Protected property\">guarded</span>: <span class=sf-dump-note>array:1</span> [ &hellip;1]
    </samp>}
    #<span class=sf-dump-protected title=\"Protected property\">eagerLoad</span>: []
    #<span class=sf-dump-protected title=\"Protected property\">localMacros</span>: []
    #<span class=sf-dump-protected title=\"Protected property\">onDelete</span>: <span class=sf-dump-const>null</span>
    #<span class=sf-dump-protected title=\"Protected property\">passthru</span>: <span class=sf-dump-note>array:19</span> [<samp data-depth=3 class=sf-dump-compact>
      <span class=sf-dump-index>0</span> => \"<span class=sf-dump-str title=\"7 characters\">average</span>\"
      <span class=sf-dump-index>1</span> => \"<span class=sf-dump-str title=\"3 characters\">avg</span>\"
      <span class=sf-dump-index>2</span> => \"<span class=sf-dump-str title=\"5 characters\">count</span>\"
      <span class=sf-dump-index>3</span> => \"<span class=sf-dump-str title=\"2 characters\">dd</span>\"
      <span class=sf-dump-index>4</span> => \"<span class=sf-dump-str title=\"11 characters\">doesntExist</span>\"
      <span class=sf-dump-index>5</span> => \"<span class=sf-dump-str title=\"4 characters\">dump</span>\"
      <span class=sf-dump-index>6</span> => \"<span class=sf-dump-str title=\"6 characters\">exists</span>\"
      <span class=sf-dump-index>7</span> => \"<span class=sf-dump-str title=\"11 characters\">getBindings</span>\"
      <span class=sf-dump-index>8</span> => \"<span class=sf-dump-str title=\"13 characters\">getConnection</span>\"
      <span class=sf-dump-index>9</span> => \"<span class=sf-dump-str title=\"10 characters\">getGrammar</span>\"
      <span class=sf-dump-index>10</span> => \"<span class=sf-dump-str title=\"6 characters\">insert</span>\"
      <span class=sf-dump-index>11</span> => \"<span class=sf-dump-str title=\"11 characters\">insertGetId</span>\"
      <span class=sf-dump-index>12</span> => \"<span class=sf-dump-str title=\"14 characters\">insertOrIgnore</span>\"
      <span class=sf-dump-index>13</span> => \"<span class=sf-dump-str title=\"11 characters\">insertUsing</span>\"
      <span class=sf-dump-index>14</span> => \"<span class=sf-dump-str title=\"3 characters\">max</span>\"
      <span class=sf-dump-index>15</span> => \"<span class=sf-dump-str title=\"3 characters\">min</span>\"
      <span class=sf-dump-index>16</span> => \"<span class=sf-dump-str title=\"3 characters\">raw</span>\"
      <span class=sf-dump-index>17</span> => \"<span class=sf-dump-str title=\"3 characters\">sum</span>\"
      <span class=sf-dump-index>18</span> => \"<span class=sf-dump-str title=\"5 characters\">toSql</span>\"
    </samp>]
    #<span class=sf-dump-protected title=\"Protected property\">scopes</span>: []
    #<span class=sf-dump-protected title=\"Protected property\">removedScopes</span>: []
  </samp>}
  #<span class=sf-dump-protected title=\"Protected property\">parent</span>: <span class=sf-dump-note title=\"App\\Models\\User
\"><span class=\"sf-dump-ellipsis sf-dump-ellipsis-note\">App\\Models</span><span class=\"sf-dump-ellipsis sf-dump-ellipsis-note\">\\</span>User</span> {<a class=sf-dump-ref>#1152</a><samp data-depth=2 class=sf-dump-compact>
    #<span class=sf-dump-protected title=\"Protected property\">fillable</span>: <span class=sf-dump-note>array:3</span> [<samp data-depth=3 class=sf-dump-compact>
      <span class=sf-dump-index>0</span> => \"<span class=sf-dump-str title=\"4 characters\">name</span>\"
      <span class=sf-dump-index>1</span> => \"<span class=sf-dump-str title=\"5 characters\">email</span>\"
      <span class=sf-dump-index>2</span> => \"<span class=sf-dump-str title=\"8 characters\">password</span>\"
    </samp>]
    #<span class=sf-dump-protected title=\"Protected property\">hidden</span>: <span class=sf-dump-note>array:4</span> [<samp data-depth=3 class=sf-dump-compact>
      <span class=sf-dump-index>0</span> => \"<span class=sf-dump-str title=\"8 characters\">password</span>\"
      <span class=sf-dump-index>1</span> => \"<span class=sf-dump-str title=\"14 characters\">remember_token</span>\"
      <span class=sf-dump-index>2</span> => \"<span class=sf-dump-str title=\"25 characters\">two_factor_recovery_codes</span>\"
      <span class=sf-dump-index>3</span> => \"<span class=sf-dump-str title=\"17 characters\">two_factor_secret</span>\"
    </samp>]
    #<span class=sf-dump-protected title=\"Protected property\">casts</span>: <span class=sf-dump-note>array:1</span> [<samp data-depth=3 class=sf-dump-compact>
      \"<span class=sf-dump-key>email_verified_at</span>\" => \"<span class=sf-dump-str title=\"8 characters\">datetime</span>\"
    </samp>]
    #<span class=sf-dump-protected title=\"Protected property\">appends</span>: <span class=sf-dump-note>array:1</span> [<samp data-depth=3 class=sf-dump-compact>
      <span class=sf-dump-index>0</span> => \"<span class=sf-dump-str title=\"17 characters\">profile_photo_url</span>\"
    </samp>]
    #<span class=sf-dump-protected title=\"Protected property\">connection</span>: \"<span class=sf-dump-str title=\"5 characters\">mysql</span>\"
    #<span class=sf-dump-protected title=\"Protected property\">table</span>: \"<span class=sf-dump-str title=\"5 characters\">users</span>\"
    #<span class=sf-dump-protected title=\"Protected property\">primaryKey</span>: \"<span class=sf-dump-str title=\"2 characters\">id</span>\"
    #<span class=sf-dump-protected title=\"Protected property\">keyType</span>: \"<span class=sf-dump-str title=\"3 characters\">int</span>\"
    +<span class=sf-dump-public title=\"Public property\">incrementing</span>: <span class=sf-dump-const>true</span>
    #<span class=sf-dump-protected title=\"Protected property\">with</span>: []
    #<span class=sf-dump-protected title=\"Protected property\">withCount</span>: []
    #<span class=sf-dump-protected title=\"Protected property\">perPage</span>: <span class=sf-dump-num>15</span>
    +<span class=sf-dump-public title=\"Public property\">exists</span>: <span class=sf-dump-const>true</span>
    +<span class=sf-dump-public title=\"Public property\">wasRecentlyCreated</span>: <span class=sf-dump-const>false</span>
    #<span class=sf-dump-protected title=\"Protected property\">attributes</span>: <span class=sf-dump-note>array:12</span> [<samp data-depth=3 class=sf-dump-compact>
      \"<span class=sf-dump-key>id</span>\" => <span class=sf-dump-num>1</span>
      \"<span class=sf-dump-key>name</span>\" => \"<span class=sf-dump-str title=\"4 characters\">Haki</span>\"
      \"<span class=sf-dump-key>email</span>\" => \"<span class=sf-dump-str title=\"22 characters\">ghiffarihaki@gmail.com</span>\"
      \"<span class=sf-dump-key>email_verified_at</span>\" => <span class=sf-dump-const>null</span>
      \"<span class=sf-dump-key>password</span>\" => \"<span class=sf-dump-str title=\"60 characters\">$2y$10$bNPGT7XT6eUzexlMepZOXuH1dIvbO3VjtPEB8k9PY/IqUpELwpw1.</span>\"
      \"<span class=sf-dump-key>two_factor_secret</span>\" => <span class=sf-dump-const>null</span>
      \"<span class=sf-dump-key>two_factor_recovery_codes</span>\" => <span class=sf-dump-const>null</span>
      \"<span class=sf-dump-key>remember_token</span>\" => <span class=sf-dump-const>null</span>
      \"<span class=sf-dump-key>current_team_id</span>\" => <span class=sf-dump-const>null</span>
      \"<span class=sf-dump-key>profile_photo_path</span>\" => <span class=sf-dump-const>null</span>
      \"<span class=sf-dump-key>created_at</span>\" => \"<span class=sf-dump-str title=\"19 characters\">2021-04-11 18:22:30</span>\"
      \"<span class=sf-dump-key>updated_at</span>\" => \"<span class=sf-dump-str title=\"19 characters\">2021-04-11 18:22:30</span>\"
    </samp>]
    #<span class=sf-dump-protected title=\"Protected property\">original</span>: <span class=sf-dump-note>array:12</span> [<samp data-depth=3 class=sf-dump-compact>
      \"<span class=sf-dump-key>id</span>\" => <span class=sf-dump-num>1</span>
      \"<span class=sf-dump-key>name</span>\" => \"<span class=sf-dump-str title=\"4 characters\">Haki</span>\"
      \"<span class=sf-dump-key>email</span>\" => \"<span class=sf-dump-str title=\"22 characters\">ghiffarihaki@gmail.com</span>\"
      \"<span class=sf-dump-key>email_verified_at</span>\" => <span class=sf-dump-const>null</span>
      \"<span class=sf-dump-key>password</span>\" => \"<span class=sf-dump-str title=\"60 characters\">$2y$10$bNPGT7XT6eUzexlMepZOXuH1dIvbO3VjtPEB8k9PY/IqUpELwpw1.</span>\"
      \"<span class=sf-dump-key>two_factor_secret</span>\" => <span class=sf-dump-const>null</span>
      \"<span class=sf-dump-key>two_factor_recovery_codes</span>\" => <span class=sf-dump-const>null</span>
      \"<span class=sf-dump-key>remember_token</span>\" => <span class=sf-dump-const>null</span>
      \"<span class=sf-dump-key>current_team_id</span>\" => <span class=sf-dump-const>null</span>
      \"<span class=sf-dump-key>profile_photo_path</span>\" => <span class=sf-dump-const>null</span>
      \"<span class=sf-dump-key>created_at</span>\" => \"<span class=sf-dump-str title=\"19 characters\">2021-04-11 18:22:30</span>\"
      \"<span class=sf-dump-key>updated_at</span>\" => \"<span class=sf-dump-str title=\"19 characters\">2021-04-11 18:22:30</span>\"
    </samp>]
    #<span class=sf-dump-protected title=\"Protected property\">changes</span>: []
    #<span class=sf-dump-protected title=\"Protected property\">classCastCache</span>: []
    #<span class=sf-dump-protected title=\"Protected property\">dates</span>: []
    #<span class=sf-dump-protected title=\"Protected property\">dateFormat</span>: <span class=sf-dump-const>null</span>
    #<span class=sf-dump-protected title=\"Protected property\">dispatchesEvents</span>: []
    #<span class=sf-dump-protected title=\"Protected property\">observables</span>: []
    #<span class=sf-dump-protected title=\"Protected property\">relations</span>: []
    #<span class=sf-dump-protected title=\"Protected property\">touches</span>: []
    +<span class=sf-dump-public title=\"Public property\">timestamps</span>: <span class=sf-dump-const>true</span>
    #<span class=sf-dump-protected title=\"Protected property\">visible</span>: []
    #<span class=sf-dump-protected title=\"Protected property\">guarded</span>: <span class=sf-dump-note>array:1</span> [<samp data-depth=3 class=sf-dump-compact>
      <span class=sf-dump-index>0</span> => \"<span class=sf-dump-str>*</span>\"
    </samp>]
    #<span class=sf-dump-protected title=\"Protected property\">rememberTokenName</span>: \"<span class=sf-dump-str title=\"14 characters\">remember_token</span>\"
    #<span class=sf-dump-protected title=\"Protected property\">accessToken</span>: <span class=sf-dump-note title=\"Laravel\\Sanctum\\TransientToken
\"><span class=\"sf-dump-ellipsis sf-dump-ellipsis-note\">Laravel\\Sanctum</span><span class=\"sf-dump-ellipsis sf-dump-ellipsis-note\">\\</span>TransientToken</span> {<a class=sf-dump-ref>#425</a>}
  </samp>}
  #<span class=sf-dump-protected title=\"Protected property\">related</span>: <span class=sf-dump-note title=\"App\\Models\\Task
\"><span class=\"sf-dump-ellipsis sf-dump-ellipsis-note\">App\\Models</span><span class=\"sf-dump-ellipsis sf-dump-ellipsis-note\">\\</span>Task</span> {<a class=sf-dump-ref href=#sf-dump-376081751-ref2417 title=\"2 occurrences\">#417</a>}
</samp>}
</pre><script>Sfdump(\"sf-dump-376081751\", {\"maxDepth\":3,\"maxStringLength\":160})</script>
"}},"userId":1,"exception":"[object] (Facade\\Ignition\\Exceptions\\ViewException(code: 0): syntax error, unexpected end of file, expecting elseif (T_ELSEIF) or else (T_ELSE) or endif (T_ENDIF) (View: C:\\Users\\LENOVO\\Documents\\TUGAS\\tugaspbkk1\esources\\views\\dashboard.blade.php) at C:\\Users\\LENOVO\\Documents\\TUGAS\\tugaspbkk1\esources\\views/dashboard.blade.php:51)
[stacktrace]
#0 C:\\Users\\LENOVO\\Documents\\TUGAS\\tugaspbkk1\\vendor\\laravel\\framework\\src\\Illuminate\\Filesystem\\Filesystem.php(108): Illuminate\\Filesystem\\Filesystem::Illuminate\\Filesystem\\{closure}()
#1 C:\\Users\\LENOVO\\Documents\\TUGAS\\tugaspbkk1\\vendor\\laravel\\framework\\src\\Illuminate\\View\\Engines\\PhpEngine.php(58): Illuminate\\Filesystem\\Filesystem->getRequire('C:\\\\Users\\\\LENOVO...', Array)
#2 C:\\Users\\LENOVO\\Documents\\TUGAS\\tugaspbkk1\\vendor\\livewire\\livewire\\src\\ComponentConcerns\\RendersLivewireComponents.php(37): Illuminate\\View\\Engines\\PhpEngine->evaluatePath('C:\\\\Users\\\\LENOVO...', Array)
#3 C:\\Users\\LENOVO\\Documents\\TUGAS\\tugaspbkk1\\vendor\\laravel\\framework\\src\\Illuminate\\View\\Engines\\CompilerEngine.php(61): Livewire\\CompilerEngineForIgnition->evaluatePath('C:\\\\Users\\\\LENOVO...', Array)
#4 C:\\Users\\LENOVO\\Documents\\TUGAS\\tugaspbkk1\\vendor\\facade\\ignition\\src\\Views\\Engines\\CompilerEngine.php(37): Illuminate\\View\\Engines\\CompilerEngine->get('C:\\\\Users\\\\LENOVO...', Array)
#5 C:\\Users\\LENOVO\\Documents\\TUGAS\\tugaspbkk1\\vendor\\laravel\\framework\\src\\Illuminate\\View\\View.php(139): Facade\\Ignition\\Views\\Engines\\CompilerEngine->get('C:\\\\Users\\\\LENOVO...', Array)
#6 C:\\Users\\LENOVO\\Documents\\TUGAS\\tugaspbkk1\\vendor\\laravel\\framework\\src\\Illuminate\\View\\View.php(122): Illuminate\\View\\View->getContents()
#7 C:\\Users\\LENOVO\\Documents\\TUGAS\\tugaspbkk1\\vendor\\laravel\\framework\\src\\Illuminate\\View\\View.php(91): Illuminate\\View\\View->renderContents()
#8 C:\\Users\\LENOVO\\Documents\\TUGAS\\tugaspbkk1\\vendor\\laravel\\framework\\src\\Illuminate\\Http\\Response.php(69): Illuminate\\View\\View->render()
#9 C:\\Users\\LENOVO\\Documents\\TUGAS\\tugaspbkk1\\vendor\\laravel\\framework\\src\\Illuminate\\Http\\Response.php(35): Illuminate\\Http\\Response->setContent(Object(Illuminate\\View\\View))
#10 C:\\Users\\LENOVO\\Documents\\TUGAS\\tugaspbkk1\\vendor\\laravel\\framework\\src\\Illuminate\\Routing\\Router.php(791): Illuminate\\Http\\Response->__construct(Object(Illuminate\\View\\View), 200, Array)
#11 C:\\Users\\LENOVO\\Documents\\TUGAS\\tugaspbkk1\\vendor\\laravel\\framework\\src\\Illuminate\\Routing\\Router.php(761): Illuminate\\Routing\\Router::toResponse(Object(Illuminate\\Http\\Request), Object(Illuminate\\View\\View))
#12 C:\\Users\\LENOVO\\Documents\\TUGAS\\tugaspbkk1\\vendor\\laravel\\framework\\src\\Illuminate\\Routing\\Router.php(695): Illuminate\\Routing\\Router->prepareResponse(Object(Illuminate\\Http\\Request), Object(Illuminate\\View\\View))
#13 C:\\Users\\LENOVO\\Documents\\TUGAS\\tugaspbkk1\\vendor\\laravel\\framework\\src\\Illuminate\\Pipeline\\Pipeline.php(128): Illuminate\\Routing\\Router->Illuminate\\Routing\\{closure}(Object(Illuminate\\Http\\Request))
#14 C:\\Users\\LENOVO\\Documents\\TUGAS\\tugaspbkk1\\vendor\\laravel\\framework\\src\\Illuminate\\Auth\\Middleware\\EnsureEmailIsVerified.php(30): Illuminate\\Pipeline\\Pipeline->Illuminate\\Pipeline\\{closure}(Object(Illuminate\\Http\\Request))
#15 C:\\Users\\LENOVO\\Documents\\TUGAS\\tugaspbkk1\\vendor\\laravel\\framework\\src\\Illuminate\\Pipeline\\Pipeline.php(167): Illuminate\\Auth\\Middleware\\EnsureEmailIsVerified->handle(Object(Illuminate\\Http\\Request), Object(Closure))
#16 C:\\Users\\LENOVO\\Documents\\TUGAS\\tugaspbkk1\\vendor\\laravel\\framework\\src\\Illuminate\\Routing\\Middleware\\SubstituteBindings.php(50): Illuminate\\Pipeline\\Pipeline->Illuminate\\Pipeline\\{closure}(Object(Illuminate\\Http\\Request))
#17 C:\\Users\\LENOVO\\Documents\\TUGAS\\tugaspbkk1\\vendor\\laravel\\framework\\src\\Illuminate\\Pipeline\\Pipeline.php(167): Illuminate\\Routing\\Middleware\\SubstituteBindings->handle(Object(Illuminate\\Http\\Request), Object(Closure))
#18 C:\\Users\\LENOVO\\Documents\\TUGAS\\tugaspbkk1\\vendor\\laravel\\framework\\src\\Illuminate\\Auth\\Middleware\\Authenticate.php(44): Illuminate\\Pipeline\\Pipeline->Illuminate\\Pipeline\\{closure}(Object(Illuminate\\Http\\Request))
#19 C:\\Users\\LENOVO\\Documents\\TUGAS\\tugaspbkk1\\vendor\\laravel\\framework\\src\\Illuminate\\Pipeline\\Pipeline.php(167): Illuminate\\Auth\\Middleware\\Authenticate->handle(Object(Illuminate\\Http\\Request), Object(Closure), 'sanctum')
#20 C:\\Users\\LENOVO\\Documents\\TUGAS\\tugaspbkk1\\vendor\\laravel\\framework\\src\\Illuminate\\Foundation\\Http\\Middleware\\VerifyCsrfToken.php(78): Illuminate\\Pipeline\\Pipeline->Illuminate\\Pipeline\\{closure}(Object(Illuminate\\Http\\Request))
#21 C:\\Users\\LENOVO\\Documents\\TUGAS\\tugaspbkk1\\vendor\\laravel\\framework\\src\\Illuminate\\Pipeline\\Pipeline.php(167): Illuminate\\Foundation\\Http\\Middleware\\VerifyCsrfToken->handle(Object(Illuminate\\Http\\Request), Object(Closure))
#22 C:\\Users\\LENOVO\\Documents\\TUGAS\\tugaspbkk1\\vendor\\laravel\\framework\\src\\Illuminate\\View\\Middleware\\ShareErrorsFromSession.php(49): Illuminate\\Pipeline\\Pipeline->Illuminate\\Pipeline\\{closure}(Object(Illuminate\\Http\\Request))
#23 C:\\Users\\LENOVO\\Documents\\TUGAS\\tugaspbkk1\\vendor\\laravel\\framework\\src\\Illuminate\\Pipeline\\Pipeline.php(167): Illuminate\\View\\Middleware\\ShareErrorsFromSession->handle(Object(Illuminate\\Http\\Request), Object(Closure))
#24 C:\\Users\\LENOVO\\Documents\\TUGAS\\tugaspbkk1\\vendor\\laravel\\framework\\src\\Illuminate\\Session\\Middleware\\AuthenticateSession.php(58): Illuminate\\Pipeline\\Pipeline->Illuminate\\Pipeline\\{closure}(Object(Illuminate\\Http\\Request))
#25 C:\\Users\\LENOVO\\Documents\\TUGAS\\tugaspbkk1\\vendor\\laravel\\framework\\src\\Illuminate\\Pipeline\\Pipeline.php(167): Illuminate\\Session\\Middleware\\AuthenticateSession->handle(Object(Illuminate\\Http\\Request), Object(Closure))
#26 C:\\Users\\LENOVO\\Documents\\TUGAS\\tugaspbkk1\\vendor\\laravel\\framework\\src\\Illuminate\\Session\\Middleware\\StartSession.php(121): Illuminate\\Pipeline\\Pipeline->Illuminate\\Pipeline\\{closure}(Object(Illuminate\\Http\\Request))
#27 C:\\Users\\LENOVO\\Documents\\TUGAS\\tugaspbkk1\\vendor\\laravel\\framework\\src\\Illuminate\\Session\\Middleware\\StartSession.php(64): Illuminate\\Session\\Middleware\\StartSession->handleStatefulRequest(Object(Illuminate\\Http\\Request), Object(Illuminate\\Session\\Store), Object(Closure))
#28 C:\\Users\\LENOVO\\Documents\\TUGAS\\tugaspbkk1\\vendor\\laravel\\framework\\src\\Illuminate\\Pipeline\\Pipeline.php(167): Illuminate\\Session\\Middleware\\StartSession->handle(Object(Illuminate\\Http\\Request), Object(Closure))
#29 C:\\Users\\LENOVO\\Documents\\TUGAS\\tugaspbkk1\\vendor\\laravel\\framework\\src\\Illuminate\\Cookie\\Middleware\\AddQueuedCookiesToResponse.php(37): Illuminate\\Pipeline\\Pipeline->Illuminate\\Pipeline\\{closure}(Object(Illuminate\\Http\\Request))
#30 C:\\Users\\LENOVO\\Documents\\TUGAS\\tugaspbkk1\\vendor\\laravel\\framework\\src\\Illuminate\\Pipeline\\Pipeline.php(167): Illuminate\\Cookie\\Middleware\\AddQueuedCookiesToResponse->handle(Object(Illuminate\\Http\\Request), Object(Closure))
#31 C:\\Users\\LENOVO\\Documents\\TUGAS\\tugaspbkk1\\vendor\\laravel\\framework\\src\\Illuminate\\Cookie\\Middleware\\EncryptCookies.php(67): Illuminate\\Pipeline\\Pipeline->Illuminate\\Pipeline\\{closure}(Object(Illuminate\\Http\\Request))
#32 C:\\Users\\LENOVO\\Documents\\TUGAS\\tugaspbkk1\\vendor\\laravel\\framework\\src\\Illuminate\\Pipeline\\Pipeline.php(167): Illuminate\\Cookie\\Middleware\\EncryptCookies->handle(Object(Illuminate\\Http\\Request), Object(Closure))
#33 C:\\Users\\LENOVO\\Documents\\TUGAS\\tugaspbkk1\\vendor\\laravel\\framework\\src\\Illuminate\\Pipeline\\Pipeline.php(103): Illuminate\\Pipeline\\Pipeline->Illuminate\\Pipeline\\{closure}(Object(Illuminate\\Http\\Request))
#34 C:\\Users\\LENOVO\\Documents\\TUGAS\\tugaspbkk1\\vendor\\laravel\\framework\\src\\Illuminate\\Routing\\Router.php(697): Illuminate\\Pipeline\\Pipeline->then(Object(Closure))
#35 C:\\Users\\LENOVO\\Documents\\TUGAS\\tugaspbkk1\\vendor\\laravel\\framework\\src\\Illuminate\\Routing\\Router.php(672): Illuminate\\Routing\\Router->runRouteWithinStack(Object(Illuminate\\Routing\\Route), Object(Illuminate\\Http\\Request))
#36 C:\\Users\\LENOVO\\Documents\\TUGAS\\tugaspbkk1\\vendor\\laravel\\framework\\src\\Illuminate\\Routing\\Router.php(636): Illuminate\\Routing\\Router->runRoute(Object(Illuminate\\Http\\Request), Object(Illuminate\\Routing\\Route))
#37 C:\\Users\\LENOVO\\Documents\\TUGAS\\tugaspbkk1\\vendor\\laravel\\framework\\src\\Illuminate\\Routing\\Router.php(625): Illuminate\\Routing\\Router->dispatchToRoute(Object(Illuminate\\Http\\Request))
#38 C:\\Users\\LENOVO\\Documents\\TUGAS\\tugaspbkk1\\vendor\\laravel\\framework\\src\\Illuminate\\Foundation\\Http\\Kernel.php(166): Illuminate\\Routing\\Router->dispatch(Object(Illuminate\\Http\\Request))
#39 C:\\Users\\LENOVO\\Documents\\TUGAS\\tugaspbkk1\\vendor\\laravel\\framework\\src\\Illuminate\\Pipeline\\Pipeline.php(128): Illuminate\\Foundation\\Http\\Kernel->Illuminate\\Foundation\\Http\\{closure}(Object(Illuminate\\Http\\Request))
#40 C:\\Users\\LENOVO\\Documents\\TUGAS\\tugaspbkk1\\vendor\\laravel\\framework\\src\\Illuminate\\Foundation\\Http\\Middleware\\TransformsRequest.php(21): Illuminate\\Pipeline\\Pipeline->Illuminate\\Pipeline\\{closure}(Object(Illuminate\\Http\\Request))
#41 C:\\Users\\LENOVO\\Documents\\TUGAS\\tugaspbkk1\\vendor\\laravel\\framework\\src\\Illuminate\\Foundation\\Http\\Middleware\\ConvertEmptyStringsToNull.php(31): Illuminate\\Foundation\\Http\\Middleware\\TransformsRequest->handle(Object(Illuminate\\Http\\Request), Object(Closure))
#42 C:\\Users\\LENOVO\\Documents\\TUGAS\\tugaspbkk1\\vendor\\laravel\\framework\\src\\Illuminate\\Pipeline\\Pipeline.php(167): Illuminate\\Foundation\\Http\\Middleware\\ConvertEmptyStringsToNull->handle(Object(Illuminate\\Http\\Request), Object(Closure))
#43 C:\\Users\\LENOVO\\Documents\\TUGAS\\tugaspbkk1\\vendor\\laravel\\framework\\src\\Illuminate\\Foundation\\Http\\Middleware\\TransformsRequest.php(21): Illuminate\\Pipeline\\Pipeline->Illuminate\\Pipeline\\{closure}(Object(Illuminate\\Http\\Request))
#44 C:\\Users\\LENOVO\\Documents\\TUGAS\\tugaspbkk1\\vendor\\laravel\\framework\\src\\Illuminate\\Foundation\\Http\\Middleware\\TrimStrings.php(40): Illuminate\\Foundation\\Http\\Middleware\\TransformsRequest->handle(Object(Illuminate\\Http\\Request), Object(Closure))
#45 C:\\Users\\LENOVO\\Documents\\TUGAS\\tugaspbkk1\\vendor\\laravel\\framework\\src\\Illuminate\\Pipeline\\Pipeline.php(167): Illuminate\\Foundation\\Http\\Middleware\\TrimStrings->handle(Object(Illuminate\\Http\\Request), Object(Closure))
#46 C:\\Users\\LENOVO\\Documents\\TUGAS\\tugaspbkk1\\vendor\\laravel\\framework\\src\\Illuminate\\Foundation\\Http\\Middleware\\ValidatePostSize.php(27): Illuminate\\Pipeline\\Pipeline->Illuminate\\Pipeline\\{closure}(Object(Illuminate\\Http\\Request))
#47 C:\\Users\\LENOVO\\Documents\\TUGAS\\tugaspbkk1\\vendor\\laravel\\framework\\src\\Illuminate\\Pipeline\\Pipeline.php(167): Illuminate\\Foundation\\Http\\Middleware\\ValidatePostSize->handle(Object(Illuminate\\Http\\Request), Object(Closure))
#48 C:\\Users\\LENOVO\\Documents\\TUGAS\\tugaspbkk1\\vendor\\laravel\\framework\\src\\Illuminate\\Foundation\\Http\\Middleware\\PreventRequestsDuringMaintenance.php(86): Illuminate\\Pipeline\\Pipeline->Illuminate\\Pipeline\\{closure}(Object(Illuminate\\Http\\Request))
#49 C:\\Users\\LENOVO\\Documents\\TUGAS\\tugaspbkk1\\vendor\\laravel\\framework\\src\\Illuminate\\Pipeline\\Pipeline.php(167): Illuminate\\Foundation\\Http\\Middleware\\PreventRequestsDuringMaintenance->handle(Object(Illuminate\\Http\\Request), Object(Closure))
#50 C:\\Users\\LENOVO\\Documents\\TUGAS\\tugaspbkk1\\vendor\\fruitcake\\laravel-cors\\src\\HandleCors.php(37): Illuminate\\Pipeline\\Pipeline->Illuminate\\Pipeline\\{closure}(Object(Illuminate\\Http\\Request))
#51 C:\\Users\\LENOVO\\Documents\\TUGAS\\tugaspbkk1\\vendor\\laravel\\framework\\src\\Illuminate\\Pipeline\\Pipeline.php(167): Fruitcake\\Cors\\HandleCors->handle(Object(Illuminate\\Http\\Request), Object(Closure))
#52 C:\\Users\\LENOVO\\Documents\\TUGAS\\tugaspbkk1\\vendor\\fideloper\\proxy\\src\\TrustProxies.php(57): Illuminate\\Pipeline\\Pipeline->Illuminate\\Pipeline\\{closure}(Object(Illuminate\\Http\\Request))
#53 C:\\Users\\LENOVO\\Documents\\TUGAS\\tugaspbkk1\\vendor\\laravel\\framework\\src\\Illuminate\\Pipeline\\Pipeline.php(167): Fideloper\\Proxy\\TrustProxies->handle(Object(Illuminate\\Http\\Request), Object(Closure))
#54 C:\\Users\\LENOVO\\Documents\\TUGAS\\tugaspbkk1\\vendor\\laravel\\framework\\src\\Illuminate\\Pipeline\\Pipeline.php(103): Illuminate\\Pipeline\\Pipeline->Illuminate\\Pipeline\\{closure}(Object(Illuminate\\Http\\Request))
#55 C:\\Users\\LENOVO\\Documents\\TUGAS\\tugaspbkk1\\vendor\\laravel\\framework\\src\\Illuminate\\Foundation\\Http\\Kernel.php(141): Illuminate\\Pipeline\\Pipeline->then(Object(Closure))
#56 C:\\Users\\LENOVO\\Documents\\TUGAS\\tugaspbkk1\\vendor\\laravel\\framework\\src\\Illuminate\\Foundation\\Http\\Kernel.php(110): Illuminate\\Foundation\\Http\\Kernel->sendRequestThroughRouter(Object(Illuminate\\Http\\Request))
#57 C:\\Users\\LENOVO\\Documents\\TUGAS\\tugaspbkk1\\public\\index.php(52): Illuminate\\Foundation\\Http\\Kernel->handle(Object(Illuminate\\Http\\Request))
#58 C:\\Users\\LENOVO\\Documents\\TUGAS\\tugaspbkk1\\server.php(21): require_once('C:\\\\Users\\\\LENOVO...')
#59 {main}

[previous exception] [object] (ParseError(code: 0): syntax error, unexpected end of file, expecting elseif (T_ELSEIF) or else (T_ELSE) or endif (T_ENDIF) at C:\\Users\\LENOVO\\Documents\\TUGAS\\tugaspbkk1\\storage\\framework\\views\\be8cec5bcd903f0b39f7059c1ae9a8e374e63b72.php:51)
[stacktrace]
#0 C:\\Users\\LENOVO\\Documents\\TUGAS\\tugaspbkk1\\vendor\\laravel\\framework\\src\\Illuminate\\Filesystem\\Filesystem.php(108): Illuminate\\Filesystem\\Filesystem::Illuminate\\Filesystem\\{closure}()
#1 C:\\Users\\LENOVO\\Documents\\TUGAS\\tugaspbkk1\\vendor\\laravel\\framework\\src\\Illuminate\\View\\Engines\\PhpEngine.php(58): Illuminate\\Filesystem\\Filesystem->getRequire('C:\\\\Users\\\\LENOVO...', Array)
#2 C:\\Users\\LENOVO\\Documents\\TUGAS\\tugaspbkk1\\vendor\\livewire\\livewire\\src\\ComponentConcerns\\RendersLivewireComponents.php(37): Illuminate\\View\\Engines\\PhpEngine->evaluatePath('C:\\\\Users\\\\LENOVO...', Array)
#3 C:\\Users\\LENOVO\\Documents\\TUGAS\\tugaspbkk1\\vendor\\laravel\\framework\\src\\Illuminate\\View\\Engines\\CompilerEngine.php(61): Livewire\\CompilerEngineForIgnition->evaluatePath('C:\\\\Users\\\\LENOVO...', Array)
#4 C:\\Users\\LENOVO\\Documents\\TUGAS\\tugaspbkk1\\vendor\\facade\\ignition\\src\\Views\\Engines\\CompilerEngine.php(37): Illuminate\\View\\Engines\\CompilerEngine->get('C:\\\\Users\\\\LENOVO...', Array)
#5 C:\\Users\\LENOVO\\Documents\\TUGAS\\tugaspbkk1\\vendor\\laravel\\framework\\src\\Illuminate\\View\\View.php(139): Facade\\Ignition\\Views\\Engines\\CompilerEngine->get('C:\\\\Users\\\\LENOVO...', Array)
#6 C:\\Users\\LENOVO\\Documents\\TUGAS\\tugaspbkk1\\vendor\\laravel\\framework\\src\\Illuminate\\View\\View.php(122): Illuminate\\View\\View->getContents()
#7 C:\\Users\\LENOVO\\Documents\\TUGAS\\tugaspbkk1\\vendor\\laravel\\framework\\src\\Illuminate\\View\\View.php(91): Illuminate\\View\\View->renderContents()
#8 C:\\Users\\LENOVO\\Documents\\TUGAS\\tugaspbkk1\\vendor\\laravel\\framework\\src\\Illuminate\\Http\\Response.php(69): Illuminate\\View\\View->render()
#9 C:\\Users\\LENOVO\\Documents\\TUGAS\\tugaspbkk1\\vendor\\laravel\\framework\\src\\Illuminate\\Http\\Response.php(35): Illuminate\\Http\\Response->setContent(Object(Illuminate\\View\\View))
#10 C:\\Users\\LENOVO\\Documents\\TUGAS\\tugaspbkk1\\vendor\\laravel\\framework\\src\\Illuminate\\Routing\\Router.php(791): Illuminate\\Http\\Response->__construct(Object(Illuminate\\View\\View), 200, Array)
#11 C:\\Users\\LENOVO\\Documents\\TUGAS\\tugaspbkk1\\vendor\\laravel\\framework\\src\\Illuminate\\Routing\\Router.php(761): Illuminate\\Routing\\Router::toResponse(Object(Illuminate\\Http\\Request), Object(Illuminate\\View\\View))
#12 C:\\Users\\LENOVO\\Documents\\TUGAS\\tugaspbkk1\\vendor\\laravel\\framework\\src\\Illuminate\\Routing\\Router.php(695): Illuminate\\Routing\\Router->prepareResponse(Object(Illuminate\\Http\\Request), Object(Illuminate\\View\\View))
#13 C:\\Users\\LENOVO\\Documents\\TUGAS\\tugaspbkk1\\vendor\\laravel\\framework\\src\\Illuminate\\Pipeline\\Pipeline.php(128): Illuminate\\Routing\\Router->Illuminate\\Routing\\{closure}(Object(Illuminate\\Http\\Request))
#14 C:\\Users\\LENOVO\\Documents\\TUGAS\\tugaspbkk1\\vendor\\laravel\\framework\\src\\Illuminate\\Auth\\Middleware\\EnsureEmailIsVerified.php(30): Illuminate\\Pipeline\\Pipeline->Illuminate\\Pipeline\\{closure}(Object(Illuminate\\Http\\Request))
#15 C:\\Users\\LENOVO\\Documents\\TUGAS\\tugaspbkk1\\vendor\\laravel\\framework\\src\\Illuminate\\Pipeline\\Pipeline.php(167): Illuminate\\Auth\\Middleware\\EnsureEmailIsVerified->handle(Object(Illuminate\\Http\\Request), Object(Closure))
#16 C:\\Users\\LENOVO\\Documents\\TUGAS\\tugaspbkk1\\vendor\\laravel\\framework\\src\\Illuminate\\Routing\\Middleware\\SubstituteBindings.php(50): Illuminate\\Pipeline\\Pipeline->Illuminate\\Pipeline\\{closure}(Object(Illuminate\\Http\\Request))
#17 C:\\Users\\LENOVO\\Documents\\TUGAS\\tugaspbkk1\\vendor\\laravel\\framework\\src\\Illuminate\\Pipeline\\Pipeline.php(167): Illuminate\\Routing\\Middleware\\SubstituteBindings->handle(Object(Illuminate\\Http\\Request), Object(Closure))
#18 C:\\Users\\LENOVO\\Documents\\TUGAS\\tugaspbkk1\\vendor\\laravel\\framework\\src\\Illuminate\\Auth\\Middleware\\Authenticate.php(44): Illuminate\\Pipeline\\Pipeline->Illuminate\\Pipeline\\{closure}(Object(Illuminate\\Http\\Request))
#19 C:\\Users\\LENOVO\\Documents\\TUGAS\\tugaspbkk1\\vendor\\laravel\\framework\\src\\Illuminate\\Pipeline\\Pipeline.php(167): Illuminate\\Auth\\Middleware\\Authenticate->handle(Object(Illuminate\\Http\\Request), Object(Closure), 'sanctum')
#20 C:\\Users\\LENOVO\\Documents\\TUGAS\\tugaspbkk1\\vendor\\laravel\\framework\\src\\Illuminate\\Foundation\\Http\\Middleware\\VerifyCsrfToken.php(78): Illuminate\\Pipeline\\Pipeline->Illuminate\\Pipeline\\{closure}(Object(Illuminate\\Http\\Request))
#21 C:\\Users\\LENOVO\\Documents\\TUGAS\\tugaspbkk1\\vendor\\laravel\\framework\\src\\Illuminate\\Pipeline\\Pipeline.php(167): Illuminate\\Foundation\\Http\\Middleware\\VerifyCsrfToken->handle(Object(Illuminate\\Http\\Request), Object(Closure))
#22 C:\\Users\\LENOVO\\Documents\\TUGAS\\tugaspbkk1\\vendor\\laravel\\framework\\src\\Illuminate\\View\\Middleware\\ShareErrorsFromSession.php(49): Illuminate\\Pipeline\\Pipeline->Illuminate\\Pipeline\\{closure}(Object(Illuminate\\Http\\Request))
#23 C:\\Users\\LENOVO\\Documents\\TUGAS\\tugaspbkk1\\vendor\\laravel\\framework\\src\\Illuminate\\Pipeline\\Pipeline.php(167): Illuminate\\View\\Middleware\\ShareErrorsFromSession->handle(Object(Illuminate\\Http\\Request), Object(Closure))
#24 C:\\Users\\LENOVO\\Documents\\TUGAS\\tugaspbkk1\\vendor\\laravel\\framework\\src\\Illuminate\\Session\\Middleware\\AuthenticateSession.php(58): Illuminate\\Pipeline\\Pipeline->Illuminate\\Pipeline\\{closure}(Object(Illuminate\\Http\\Request))
#25 C:\\Users\\LENOVO\\Documents\\TUGAS\\tugaspbkk1\\vendor\\laravel\\framework\\src\\Illuminate\\Pipeline\\Pipeline.php(167): Illuminate\\Session\\Middleware\\AuthenticateSession->handle(Object(Illuminate\\Http\\Request), Object(Closure))
#26 C:\\Users\\LENOVO\\Documents\\TUGAS\\tugaspbkk1\\vendor\\laravel\\framework\\src\\Illuminate\\Session\\Middleware\\StartSession.php(121): Illuminate\\Pipeline\\Pipeline->Illuminate\\Pipeline\\{closure}(Object(Illuminate\\Http\\Request))
#27 C:\\Users\\LENOVO\\Documents\\TUGAS\\tugaspbkk1\\vendor\\laravel\\framework\\src\\Illuminate\\Session\\Middleware\\StartSession.php(64): Illuminate\\Session\\Middleware\\StartSession->handleStatefulRequest(Object(Illuminate\\Http\\Request), Object(Illuminate\\Session\\Store), Object(Closure))
#28 C:\\Users\\LENOVO\\Documents\\TUGAS\\tugaspbkk1\\vendor\\laravel\\framework\\src\\Illuminate\\Pipeline\\Pipeline.php(167): Illuminate\\Session\\Middleware\\StartSession->handle(Object(Illuminate\\Http\\Request), Object(Closure))
#29 C:\\Users\\LENOVO\\Documents\\TUGAS\\tugaspbkk1\\vendor\\laravel\\framework\\src\\Illuminate\\Cookie\\Middleware\\AddQueuedCookiesToResponse.php(37): Illuminate\\Pipeline\\Pipeline->Illuminate\\Pipeline\\{closure}(Object(Illuminate\\Http\\Request))
#30 C:\\Users\\LENOVO\\Documents\\TUGAS\\tugaspbkk1\\vendor\\laravel\\framework\\src\\Illuminate\\Pipeline\\Pipeline.php(167): Illuminate\\Cookie\\Middleware\\AddQueuedCookiesToResponse->handle(Object(Illuminate\\Http\\Request), Object(Closure))
#31 C:\\Users\\LENOVO\\Documents\\TUGAS\\tugaspbkk1\\vendor\\laravel\\framework\\src\\Illuminate\\Cookie\\Middleware\\EncryptCookies.php(67): Illuminate\\Pipeline\\Pipeline->Illuminate\\Pipeline\\{closure}(Object(Illuminate\\Http\\Request))
#32 C:\\Users\\LENOVO\\Documents\\TUGAS\\tugaspbkk1\\vendor\\laravel\\framework\\src\\Illuminate\\Pipeline\\Pipeline.php(167): Illuminate\\Cookie\\Middleware\\EncryptCookies->handle(Object(Illuminate\\Http\\Request), Object(Closure))
#33 C:\\Users\\LENOVO\\Documents\\TUGAS\\tugaspbkk1\\vendor\\laravel\\framework\\src\\Illuminate\\Pipeline\\Pipeline.php(103): Illuminate\\Pipeline\\Pipeline->Illuminate\\Pipeline\\{closure}(Object(Illuminate\\Http\\Request))
#34 C:\\Users\\LENOVO\\Documents\\TUGAS\\tugaspbkk1\\vendor\\laravel\\framework\\src\\Illuminate\\Routing\\Router.php(697): Illuminate\\Pipeline\\Pipeline->then(Object(Closure))
#35 C:\\Users\\LENOVO\\Documents\\TUGAS\\tugaspbkk1\\vendor\\laravel\\framework\\src\\Illuminate\\Routing\\Router.php(672): Illuminate\\Routing\\Router->runRouteWithinStack(Object(Illuminate\\Routing\\Route), Object(Illuminate\\Http\\Request))
#36 C:\\Users\\LENOVO\\Documents\\TUGAS\\tugaspbkk1\\vendor\\laravel\\framework\\src\\Illuminate\\Routing\\Router.php(636): Illuminate\\Routing\\Router->runRoute(Object(Illuminate\\Http\\Request), Object(Illuminate\\Routing\\Route))
#37 C:\\Users\\LENOVO\\Documents\\TUGAS\\tugaspbkk1\\vendor\\laravel\\framework\\src\\Illuminate\\Routing\\Router.php(625): Illuminate\\Routing\\Router->dispatchToRoute(Object(Illuminate\\Http\\Request))
#38 C:\\Users\\LENOVO\\Documents\\TUGAS\\tugaspbkk1\\vendor\\laravel\\framework\\src\\Illuminate\\Foundation\\Http\\Kernel.php(166): Illuminate\\Routing\\Router->dispatch(Object(Illuminate\\Http\\Request))
#39 C:\\Users\\LENOVO\\Documents\\TUGAS\\tugaspbkk1\\vendor\\laravel\\framework\\src\\Illuminate\\Pipeline\\Pipeline.php(128): Illuminate\\Foundation\\Http\\Kernel->Illuminate\\Foundation\\Http\\{closure}(Object(Illuminate\\Http\\Request))
#40 C:\\Users\\LENOVO\\Documents\\TUGAS\\tugaspbkk1\\vendor\\laravel\\framework\\src\\Illuminate\\Foundation\\Http\\Middleware\\TransformsRequest.php(21): Illuminate\\Pipeline\\Pipeline->Illuminate\\Pipeline\\{closure}(Object(Illuminate\\Http\\Request))
#41 C:\\Users\\LENOVO\\Documents\\TUGAS\\tugaspbkk1\\vendor\\laravel\\framework\\src\\Illuminate\\Foundation\\Http\\Middleware\\ConvertEmptyStringsToNull.php(31): Illuminate\\Foundation\\Http\\Middleware\\TransformsRequest->handle(Object(Illuminate\\Http\\Request), Object(Closure))
#42 C:\\Users\\LENOVO\\Documents\\TUGAS\\tugaspbkk1\\vendor\\laravel\\framework\\src\\Illuminate\\Pipeline\\Pipeline.php(167): Illuminate\\Foundation\\Http\\Middleware\\ConvertEmptyStringsToNull->handle(Object(Illuminate\\Http\\Request), Object(Closure))
#43 C:\\Users\\LENOVO\\Documents\\TUGAS\\tugaspbkk1\\vendor\\laravel\\framework\\src\\Illuminate\\Foundation\\Http\\Middleware\\TransformsRequest.php(21): Illuminate\\Pipeline\\Pipeline->Illuminate\\Pipeline\\{closure}(Object(Illuminate\\Http\\Request))
#44 C:\\Users\\LENOVO\\Documents\\TUGAS\\tugaspbkk1\\vendor\\laravel\\framework\\src\\Illuminate\\Foundation\\Http\\Middleware\\TrimStrings.php(40): Illuminate\\Foundation\\Http\\Middleware\\TransformsRequest->handle(Object(Illuminate\\Http\\Request), Object(Closure))
#45 C:\\Users\\LENOVO\\Documents\\TUGAS\\tugaspbkk1\\vendor\\laravel\\framework\\src\\Illuminate\\Pipeline\\Pipeline.php(167): Illuminate\\Foundation\\Http\\Middleware\\TrimStrings->handle(Object(Illuminate\\Http\\Request), Object(Closure))
#46 C:\\Users\\LENOVO\\Documents\\TUGAS\\tugaspbkk1\\vendor\\laravel\\framework\\src\\Illuminate\\Foundation\\Http\\Middleware\\ValidatePostSize.php(27): Illuminate\\Pipeline\\Pipeline->Illuminate\\Pipeline\\{closure}(Object(Illuminate\\Http\\Request))
#47 C:\\Users\\LENOVO\\Documents\\TUGAS\\tugaspbkk1\\vendor\\laravel\\framework\\src\\Illuminate\\Pipeline\\Pipeline.php(167): Illuminate\\Foundation\\Http\\Middleware\\ValidatePostSize->handle(Object(Illuminate\\Http\\Request), Object(Closure))
#48 C:\\Users\\LENOVO\\Documents\\TUGAS\\tugaspbkk1\\vendor\\laravel\\framework\\src\\Illuminate\\Foundation\\Http\\Middleware\\PreventRequestsDuringMaintenance.php(86): Illuminate\\Pipeline\\Pipeline->Illuminate\\Pipeline\\{closure}(Object(Illuminate\\Http\\Request))
#49 C:\\Users\\LENOVO\\Documents\\TUGAS\\tugaspbkk1\\vendor\\laravel\\framework\\src\\Illuminate\\Pipeline\\Pipeline.php(167): Illuminate\\Foundation\\Http\\Middleware\\PreventRequestsDuringMaintenance->handle(Object(Illuminate\\Http\\Request), Object(Closure))
#50 C:\\Users\\LENOVO\\Documents\\TUGAS\\tugaspbkk1\\vendor\\fruitcake\\laravel-cors\\src\\HandleCors.php(37): Illuminate\\Pipeline\\Pipeline->Illuminate\\Pipeline\\{closure}(Object(Illuminate\\Http\\Request))
#51 C:\\Users\\LENOVO\\Documents\\TUGAS\\tugaspbkk1\\vendor\\laravel\\framework\\src\\Illuminate\\Pipeline\\Pipeline.php(167): Fruitcake\\Cors\\HandleCors->handle(Object(Illuminate\\Http\\Request), Object(Closure))
#52 C:\\Users\\LENOVO\\Documents\\TUGAS\\tugaspbkk1\\vendor\\fideloper\\proxy\\src\\TrustProxies.php(57): Illuminate\\Pipeline\\Pipeline->Illuminate\\Pipeline\\{closure}(Object(Illuminate\\Http\\Request))
#53 C:\\Users\\LENOVO\\Documents\\TUGAS\\tugaspbkk1\\vendor\\laravel\\framework\\src\\Illuminate\\Pipeline\\Pipeline.php(167): Fideloper\\Proxy\\TrustProxies->handle(Object(Illuminate\\Http\\Request), Object(Closure))
#54 C:\\Users\\LENOVO\\Documents\\TUGAS\\tugaspbkk1\\vendor\\laravel\\framework\\src\\Illuminate\\Pipeline\\Pipeline.php(103): Illuminate\\Pipeline\\Pipeline->Illuminate\\Pipeline\\{closure}(Object(Illuminate\\Http\\Request))
#55 C:\\Users\\LENOVO\\Documents\\TUGAS\\tugaspbkk1\\vendor\\laravel\\framework\\src\\Illuminate\\Foundation\\Http\\Kernel.php(141): Illuminate\\Pipeline\\Pipeline->then(Object(Closure))
#56 C:\\Users\\LENOVO\\Documents\\TUGAS\\tugaspbkk1\\vendor\\laravel\\framework\\src\\Illuminate\\Foundation\\Http\\Kernel.php(110): Illuminate\\Foundation\\Http\\Kernel->sendRequestThroughRouter(Object(Illuminate\\Http\\Request))
#57 C:\\Users\\LENOVO\\Documents\\TUGAS\\tugaspbkk1\\public\\index.php(52): Illuminate\\Foundation\\Http\\Kernel->handle(Object(Illuminate\\Http\\Request))
#58 C:\\Users\\LENOVO\\Documents\\TUGAS\\tugaspbkk1\\server.php(21): require_once('C:\\\\Users\\\\LENOVO...')
#59 {main}
"} 
